f:\paint\debug\vc120.pdb
f:\paint\debug\vc120.idb
f:\paint\debug\bgiout.obj
f:\paint\debug\dibutil.obj
f:\paint\debug\drawing.obj
f:\paint\debug\file.obj
f:\paint\debug\misc.obj
f:\paint\debug\mouse.obj
f:\paint\debug\palette.obj
f:\paint\debug\main.obj
f:\paint\debug\source.obj
f:\paint\debug\text.obj
f:\paint\debug\winbgi.obj
f:\paint\debug\winthread.obj
f:\paint\debug\bgi.ilk
f:\paint\debug\bgi.pdb
f:\paint\debug\bgi.exe
f:\paint\debug\bgi.tlog\cl.command.1.tlog
f:\paint\debug\bgi.tlog\cl.read.1.tlog
f:\paint\debug\bgi.tlog\cl.write.1.tlog
f:\paint\debug\bgi.tlog\link.command.1.tlog
f:\paint\debug\bgi.tlog\link.read.1.tlog
f:\paint\debug\bgi.tlog\link.write.1.tlog
