Build started 5/8/2018 11:59:53 PM.
     1>Project "F:\paint\bgi.vcxproj" on node 2 (Build target(s)).
     1>ClCompile:
         C:\Program Files (x86)\Microsoft Visual Studio 12.0\VC\bin\CL.exe /c /ZI /nologo /W3 /WX- /Od /Oy- /D _MBCS /Gm /EHsc /RTC1 /MDd /GS /fp:precise /Zc:wchar_t /Zc:forScope /Fo"Debug\\" /Fd"Debug\vc120.pdb" /Gd /TP /analyze- /errorReport:prompt Source.cpp
         Source.cpp
     1>f:\paint\source.cpp(167): warning C4244: 'argument' : conversion from 'double' to 'int', possible loss of data
     1>f:\paint\source.cpp(204): warning C4244: 'initializing' : conversion from 'int' to 'float', possible loss of data
     1>f:\paint\source.cpp(229): warning C4244: '=' : conversion from 'double' to 'int', possible loss of data
       Link:
         C:\Program Files (x86)\Microsoft Visual Studio 12.0\VC\bin\link.exe /ERRORREPORT:PROMPT /OUT:"F:\paint\Debug\bgi.exe" /INCREMENTAL /NOLOGO kernel32.lib user32.lib gdi32.lib winspool.lib comdlg32.lib advapi32.lib shell32.lib ole32.lib oleaut32.lib uuid.lib odbc32.lib odbccp32.lib /MANIFEST /MANIFESTUAC:"level='asInvoker' uiAccess='false'" /manifest:embed /DEBUG /PDB:"F:\paint\Debug\bgi.pdb" /STACK:"20971520" /TLBID:1 /DYNAMICBASE /NXCOMPAT /IMPLIB:"F:\paint\Debug\bgi.lib" /MACHINE:X86 Debug\bgiout.obj
         Debug\dibutil.obj
         Debug\drawing.obj
         Debug\file.obj
         Debug\misc.obj
         Debug\mouse.obj
         Debug\palette.obj
         Debug\main.obj
         Debug\Source.obj
         Debug\text.obj
         Debug\winbgi.obj
         Debug\winthread.obj
         bgi.vcxproj -> F:\paint\Debug\bgi.exe
     1>Done Building Project "F:\paint\bgi.vcxproj" (Build target(s)).

Build succeeded.

Time Elapsed 00:00:26.63
